[debug] [2018-06-25T00:56:35.899Z] ----------------------------------------------------------------------
[debug] [2018-06-25T00:56:35.901Z] Command:       /usr/local/bin/node /Users/romvictuelles/npm-global/lib/node_modules/firebase-tools/bin/firebase deploy
[debug] [2018-06-25T00:56:35.901Z] CLI Version:   3.18.6
[debug] [2018-06-25T00:56:35.901Z] Platform:      darwin
[debug] [2018-06-25T00:56:35.901Z] Node Version:  v10.0.0
[debug] [2018-06-25T00:56:35.902Z] Time:          Sun Jun 24 2018 17:56:35 GMT-0700 (PDT)
[debug] [2018-06-25T00:56:35.902Z] ----------------------------------------------------------------------
[debug] 
[debug] [2018-06-25T00:56:35.912Z] > command requires scopes: ["email","openid","https://www.googleapis.com/auth/cloudplatformprojects.readonly","https://www.googleapis.com/auth/firebase","https://www.googleapis.com/auth/cloud-platform"]
[debug] [2018-06-25T00:56:35.913Z] > authorizing via signed-in user
[debug] [2018-06-25T00:56:35.915Z] >>> HTTP REQUEST GET https://admin.firebase.com/v1/projects/eventphotogallery-ed881  
  
 Sun Jun 24 2018 17:56:35 GMT-0700 (PDT)
[debug] [2018-06-25T00:56:36.400Z] <<< HTTP RESPONSE 200
[debug] [2018-06-25T00:56:36.401Z] >>> HTTP REQUEST GET https://admin.firebase.com/v1/database/eventphotogallery-ed881/tokens  
  
 Sun Jun 24 2018 17:56:36 GMT-0700 (PDT)
[debug] [2018-06-25T00:56:36.951Z] <<< HTTP RESPONSE 200
[info] 
[info] === Deploying to 'eventphotogallery-ed881'...
[info] 
[info] i  deploying functions
[info] Running command: npm --prefix "$RESOURCE_DIR" run lint
[info] ✔  functions: Finished running predeploy script.
[debug] [2018-06-25T00:56:40.939Z] > [functions] package.json contents: {
  "name": "functions",
  "description": "Cloud Functions for Firebase",
  "scripts": {
    "lint": "eslint .",
    "serve": "firebase serve --only functions",
    "shell": "firebase functions:shell",
    "start": "npm run shell",
    "deploy": "firebase deploy --only functions",
    "logs": "firebase functions:log"
  },
  "dependencies": {
    "@google-cloud/storage": "^1.7.0",
    "busboy": "^0.2.14",
    "busboy-body-parser": "^0.3.2",
    "child-process-promise": "^2.2.1",
    "cors": "^2.8.4",
    "firebase-admin": "^5.12.1",
    "firebase-functions": "^1.0.3",
    "formidable": "^1.2.1",
    "md5": "^2.2.1",
    "mkdirp": "^0.5.1",
    "mkdirp-promise": "^5.0.1",
    "querystring": "^0.2.0",
    "util": "^0.11.0",
    "uuid-v4": "^0.1.0"
  },
  "devDependencies": {
    "eslint": "^4.12.0",
    "eslint-plugin-promise": "^3.6.0"
  },
  "private": true
}
[info] i  functions: ensuring necessary APIs are enabled...
[debug] [2018-06-25T00:56:40.939Z] >>> HTTP REQUEST GET https://servicemanagement.googleapis.com/v1/services/cloudfunctions.googleapis.com/projectSettings/eventphotogallery-ed881?view=CONSUMER_VIEW  
  
 Sun Jun 24 2018 17:56:40 GMT-0700 (PDT)
[debug] [2018-06-25T00:56:40.940Z] >>> HTTP REQUEST GET https://servicemanagement.googleapis.com/v1/services/runtimeconfig.googleapis.com/projectSettings/eventphotogallery-ed881?view=CONSUMER_VIEW  
  
 Sun Jun 24 2018 17:56:40 GMT-0700 (PDT)
[debug] [2018-06-25T00:56:41.664Z] <<< HTTP RESPONSE 200
[debug] [2018-06-25T00:56:41.681Z] <<< HTTP RESPONSE 200
[info] ✔  functions: all necessary APIs are enabled
[debug] [2018-06-25T00:56:41.681Z] >>> HTTP REQUEST GET https://cloudresourcemanager.googleapis.com/v1/projects/eventphotogallery-ed881  
  
 Sun Jun 24 2018 17:56:41 GMT-0700 (PDT)
[debug] [2018-06-25T00:56:42.179Z] <<< HTTP RESPONSE 200
[debug] [2018-06-25T00:56:42.179Z] >>> HTTP REQUEST GET https://mobilesdk-pa.googleapis.com/v1/projects/400636447571:getServerAppConfig  
  
 Sun Jun 24 2018 17:56:42 GMT-0700 (PDT)
[debug] [2018-06-25T00:56:42.540Z] <<< HTTP RESPONSE 200
[info] i  functions: preparing functions directory for uploading...
[debug] [2018-06-25T00:56:42.541Z] >>> HTTP REQUEST GET https://runtimeconfig.googleapis.com/v1beta1/projects/eventphotogallery-ed881/configs  
  
 Sun Jun 24 2018 17:56:42 GMT-0700 (PDT)
[debug] [2018-06-25T00:56:42.789Z] <<< HTTP RESPONSE 200
[info] i  functions: packaged functions (56.77 KB) for uploading
[debug] [2018-06-25T00:56:43.379Z] >>> HTTP REQUEST POST https://cloudfunctions.googleapis.com/v1/projects/eventphotogallery-ed881/locations/us-central1/functions:generateUploadUrl  
  
 Sun Jun 24 2018 17:56:43 GMT-0700 (PDT)
[debug] [2018-06-25T00:56:44.014Z] <<< HTTP RESPONSE 200
[debug] [2018-06-25T00:56:44.015Z] >>> HTTP REQUEST PUT https://storage.googleapis.com/gcf-upload-us-central1-78f1acd3-968e-4837-b365-5eed091907fd/86f34e9c-23f7-4bf6-8b48-99c8357a0855.zip?GoogleAccessId=service-400636447571@gcf-admin-robot.iam.gserviceaccount.com&Expires=1529890003&Signature=LDDjN%2Fg3%2Fs5qRytfaF6AkZn1BwLbhpUWzo8wWhmx5UtE5mhVeo1TPFHPMru4%2FXBUVWV5hl0YYR9yrbRC3VPW7E9MJck52xnGXBL2sh0R9yabDYHNdM3pFQASQ8Q%2F1mFmZbG9zXqI23YMK%2F%2Fr%2F9wX4Q7j9cGLiU0vCl4gfSofOkZlAyNxies8nFJ2OHC2nnv%2FYBZjrJOAW1knlgEdzJE%2BHlPr0bTPjodsb464tvf7rnEj9aBQaFldrewNq4RRGDuHrlYG3lGK5%2FeWtGRpYiURM4p3V53wP7oijUTRPAGWDYS9zqmBbiNBGCfHBI2HoN8mmGEW3k%2FUx8CdxiMFs%2Bu3dA%3D%3D  
 ReadStream {
  _readableState: 
   ReadableState {
     objectMode: false,
     highWaterMark: 65536,
     buffer: BufferList { length: 1 },
     length: 58128,
     pipes: null,
     pipesCount: 0,
     flowing: null,
     ended: true,
     endEmitted: false,
     reading: false,
     errorEmitted: false,
     sync: false,
     needReadable: false,
     emittedReadable: true,
     readableListening: false,
     resumeScheduled: false,
     emitClose: false,
     destroyed: false,
     defaultEncoding: 'utf8',
     awaitDrain: 0,
     readingMore: false,
     decoder: null,
     encoding: null },
  readable: true,
  domain: null,
  _events: { end: [Function] },
  _eventsCount: 1,
  _maxListeners: undefined,
  path: '/var/folders/0k/hmvt0z7x6355cr6ftt6mnljr0000gn/T/firebase-functions-308196zVwQlNkWm6k.zip',
  fd: 19,
  flags: 'r',
  mode: 438,
  start: undefined,
  end: Infinity,
  autoClose: true,
  pos: undefined,
  bytesRead: 58128,
  closed: false } 
 Sun Jun 24 2018 17:56:44 GMT-0700 (PDT)
[debug] [2018-06-25T00:56:44.443Z] <<< HTTP RESPONSE 200
[info] ✔  functions: functions folder uploaded successfully
[debug] [2018-06-25T00:56:44.444Z] >>> HTTP REQUEST GET https://cloudfunctions.googleapis.com/v1/projects/eventphotogallery-ed881/locations/us-central1/functions  
  
 Sun Jun 24 2018 17:56:44 GMT-0700 (PDT)
[debug] [2018-06-25T00:56:44.903Z] <<< HTTP RESPONSE 200
[info] i  functions: updating function onFileChange...
[debug] [2018-06-25T00:56:44.905Z] Trigger is:  {"eventTrigger":{"resource":"projects/_/buckets/eventphotogallery-ed881.appspot.com","eventType":"google.storage.object.finalize","service":"storage.googleapis.com"}}
[info] i  functions: updating function uploadFile...
[debug] [2018-06-25T00:56:44.906Z] Trigger is:  {"httpsTrigger":{}}
[info] i  functions: updating function imageToJPG...
[debug] [2018-06-25T00:56:44.906Z] Trigger is:  {"eventTrigger":{"resource":"projects/_/buckets/eventphotogallery-ed881.appspot.com","eventType":"google.storage.object.finalize","service":"storage.googleapis.com"}}
[debug] [2018-06-25T00:56:44.908Z] >>> HTTP REQUEST PATCH https://cloudfunctions.googleapis.com/v1/projects/eventphotogallery-ed881/locations/us-central1/functions/onFileChange 
query params: {"updateMask":"sourceUploadUrl,name,labels,eventTrigger.resource,eventTrigger.eventType,eventTrigger.service"} 
 { sourceUploadUrl: 'https://storage.googleapis.com/gcf-upload-us-central1-78f1acd3-968e-4837-b365-5eed091907fd/86f34e9c-23f7-4bf6-8b48-99c8357a0855.zip?GoogleAccessId=service-400636447571@gcf-admin-robot.iam.gserviceaccount.com&Expires=1529890003&Signature=LDDjN%2Fg3%2Fs5qRytfaF6AkZn1BwLbhpUWzo8wWhmx5UtE5mhVeo1TPFHPMru4%2FXBUVWV5hl0YYR9yrbRC3VPW7E9MJck52xnGXBL2sh0R9yabDYHNdM3pFQASQ8Q%2F1mFmZbG9zXqI23YMK%2F%2Fr%2F9wX4Q7j9cGLiU0vCl4gfSofOkZlAyNxies8nFJ2OHC2nnv%2FYBZjrJOAW1knlgEdzJE%2BHlPr0bTPjodsb464tvf7rnEj9aBQaFldrewNq4RRGDuHrlYG3lGK5%2FeWtGRpYiURM4p3V53wP7oijUTRPAGWDYS9zqmBbiNBGCfHBI2HoN8mmGEW3k%2FUx8CdxiMFs%2Bu3dA%3D%3D',
  name: 'projects/eventphotogallery-ed881/locations/us-central1/functions/onFileChange',
  labels: { 'deployment-tool': 'cli-firebase' },
  eventTrigger: 
   { resource: 'projects/_/buckets/eventphotogallery-ed881.appspot.com',
     eventType: 'google.storage.object.finalize',
     service: 'storage.googleapis.com' } } 
 Sun Jun 24 2018 17:56:44 GMT-0700 (PDT)
[debug] [2018-06-25T00:56:44.910Z] >>> HTTP REQUEST PATCH https://cloudfunctions.googleapis.com/v1/projects/eventphotogallery-ed881/locations/us-central1/functions/uploadFile 
query params: {"updateMask":"sourceUploadUrl,name,labels,httpsTrigger"} 
 { sourceUploadUrl: 'https://storage.googleapis.com/gcf-upload-us-central1-78f1acd3-968e-4837-b365-5eed091907fd/86f34e9c-23f7-4bf6-8b48-99c8357a0855.zip?GoogleAccessId=service-400636447571@gcf-admin-robot.iam.gserviceaccount.com&Expires=1529890003&Signature=LDDjN%2Fg3%2Fs5qRytfaF6AkZn1BwLbhpUWzo8wWhmx5UtE5mhVeo1TPFHPMru4%2FXBUVWV5hl0YYR9yrbRC3VPW7E9MJck52xnGXBL2sh0R9yabDYHNdM3pFQASQ8Q%2F1mFmZbG9zXqI23YMK%2F%2Fr%2F9wX4Q7j9cGLiU0vCl4gfSofOkZlAyNxies8nFJ2OHC2nnv%2FYBZjrJOAW1knlgEdzJE%2BHlPr0bTPjodsb464tvf7rnEj9aBQaFldrewNq4RRGDuHrlYG3lGK5%2FeWtGRpYiURM4p3V53wP7oijUTRPAGWDYS9zqmBbiNBGCfHBI2HoN8mmGEW3k%2FUx8CdxiMFs%2Bu3dA%3D%3D',
  name: 'projects/eventphotogallery-ed881/locations/us-central1/functions/uploadFile',
  labels: { 'deployment-tool': 'cli-firebase' },
  httpsTrigger: {} } 
 Sun Jun 24 2018 17:56:44 GMT-0700 (PDT)
[debug] [2018-06-25T00:56:44.911Z] >>> HTTP REQUEST PATCH https://cloudfunctions.googleapis.com/v1/projects/eventphotogallery-ed881/locations/us-central1/functions/imageToJPG 
query params: {"updateMask":"sourceUploadUrl,name,labels,eventTrigger.resource,eventTrigger.eventType,eventTrigger.service"} 
 { sourceUploadUrl: 'https://storage.googleapis.com/gcf-upload-us-central1-78f1acd3-968e-4837-b365-5eed091907fd/86f34e9c-23f7-4bf6-8b48-99c8357a0855.zip?GoogleAccessId=service-400636447571@gcf-admin-robot.iam.gserviceaccount.com&Expires=1529890003&Signature=LDDjN%2Fg3%2Fs5qRytfaF6AkZn1BwLbhpUWzo8wWhmx5UtE5mhVeo1TPFHPMru4%2FXBUVWV5hl0YYR9yrbRC3VPW7E9MJck52xnGXBL2sh0R9yabDYHNdM3pFQASQ8Q%2F1mFmZbG9zXqI23YMK%2F%2Fr%2F9wX4Q7j9cGLiU0vCl4gfSofOkZlAyNxies8nFJ2OHC2nnv%2FYBZjrJOAW1knlgEdzJE%2BHlPr0bTPjodsb464tvf7rnEj9aBQaFldrewNq4RRGDuHrlYG3lGK5%2FeWtGRpYiURM4p3V53wP7oijUTRPAGWDYS9zqmBbiNBGCfHBI2HoN8mmGEW3k%2FUx8CdxiMFs%2Bu3dA%3D%3D',
  name: 'projects/eventphotogallery-ed881/locations/us-central1/functions/imageToJPG',
  labels: { 'deployment-tool': 'cli-firebase' },
  eventTrigger: 
   { resource: 'projects/_/buckets/eventphotogallery-ed881.appspot.com',
     eventType: 'google.storage.object.finalize',
     service: 'storage.googleapis.com' } } 
 Sun Jun 24 2018 17:56:44 GMT-0700 (PDT)
[debug] [2018-06-25T00:56:45.232Z] <<< HTTP RESPONSE 200
[debug] [2018-06-25T00:56:45.451Z] <<< HTTP RESPONSE 200
[debug] [2018-06-25T00:56:45.452Z] <<< HTTP RESPONSE 200
[debug] [2018-06-25T00:56:45.453Z] >>> HTTP REQUEST GET https://cloudfunctions.googleapis.com/v1/projects/eventphotogallery-ed881/locations/us-central1/functions  
  
 Sun Jun 24 2018 17:56:45 GMT-0700 (PDT)
[debug] [2018-06-25T00:56:46.312Z] <<< HTTP RESPONSE 200
[debug] [2018-06-25T00:56:46.313Z] >>> HTTP REQUEST GET https://cloudfunctions.googleapis.com/v1/operations/ZXZlbnRwaG90b2dhbGxlcnktZWQ4ODEvdXMtY2VudHJhbDEvb25GaWxlQ2hhbmdlL2NMdFNXdHBwMTBR  
  
 Sun Jun 24 2018 17:56:46 GMT-0700 (PDT)
[debug] [2018-06-25T00:56:46.313Z] >>> HTTP REQUEST GET https://cloudfunctions.googleapis.com/v1/operations/ZXZlbnRwaG90b2dhbGxlcnktZWQ4ODEvdXMtY2VudHJhbDEvdXBsb2FkRmlsZS9pN0dXVjBPSUh1Zw  
  
 Sun Jun 24 2018 17:56:46 GMT-0700 (PDT)
[debug] [2018-06-25T00:56:46.314Z] >>> HTTP REQUEST GET https://cloudfunctions.googleapis.com/v1/operations/ZXZlbnRwaG90b2dhbGxlcnktZWQ4ODEvdXMtY2VudHJhbDEvaW1hZ2VUb0pQRy9BXzNtMXRtQ1o1cw  
  
 Sun Jun 24 2018 17:56:46 GMT-0700 (PDT)
[debug] [2018-06-25T00:56:46.602Z] <<< HTTP RESPONSE 200
[debug] [2018-06-25T00:56:46.745Z] <<< HTTP RESPONSE 200
[debug] [2018-06-25T00:56:46.793Z] <<< HTTP RESPONSE 200
[debug] [2018-06-25T00:56:48.603Z] >>> HTTP REQUEST GET https://cloudfunctions.googleapis.com/v1/operations/ZXZlbnRwaG90b2dhbGxlcnktZWQ4ODEvdXMtY2VudHJhbDEvaW1hZ2VUb0pQRy9BXzNtMXRtQ1o1cw  
  
 Sun Jun 24 2018 17:56:48 GMT-0700 (PDT)
[debug] [2018-06-25T00:56:48.748Z] >>> HTTP REQUEST GET https://cloudfunctions.googleapis.com/v1/operations/ZXZlbnRwaG90b2dhbGxlcnktZWQ4ODEvdXMtY2VudHJhbDEvb25GaWxlQ2hhbmdlL2NMdFNXdHBwMTBR  
  
 Sun Jun 24 2018 17:56:48 GMT-0700 (PDT)
[debug] [2018-06-25T00:56:48.793Z] >>> HTTP REQUEST GET https://cloudfunctions.googleapis.com/v1/operations/ZXZlbnRwaG90b2dhbGxlcnktZWQ4ODEvdXMtY2VudHJhbDEvdXBsb2FkRmlsZS9pN0dXVjBPSUh1Zw  
  
 Sun Jun 24 2018 17:56:48 GMT-0700 (PDT)
[debug] [2018-06-25T00:56:49.057Z] <<< HTTP RESPONSE 200
[debug] [2018-06-25T00:56:49.204Z] <<< HTTP RESPONSE 200
[debug] [2018-06-25T00:56:49.261Z] <<< HTTP RESPONSE 200
[debug] [2018-06-25T00:56:51.060Z] >>> HTTP REQUEST GET https://cloudfunctions.googleapis.com/v1/operations/ZXZlbnRwaG90b2dhbGxlcnktZWQ4ODEvdXMtY2VudHJhbDEvaW1hZ2VUb0pQRy9BXzNtMXRtQ1o1cw  
  
 Sun Jun 24 2018 17:56:51 GMT-0700 (PDT)
[debug] [2018-06-25T00:56:51.206Z] >>> HTTP REQUEST GET https://cloudfunctions.googleapis.com/v1/operations/ZXZlbnRwaG90b2dhbGxlcnktZWQ4ODEvdXMtY2VudHJhbDEvb25GaWxlQ2hhbmdlL2NMdFNXdHBwMTBR  
  
 Sun Jun 24 2018 17:56:51 GMT-0700 (PDT)
[debug] [2018-06-25T00:56:51.264Z] >>> HTTP REQUEST GET https://cloudfunctions.googleapis.com/v1/operations/ZXZlbnRwaG90b2dhbGxlcnktZWQ4ODEvdXMtY2VudHJhbDEvdXBsb2FkRmlsZS9pN0dXVjBPSUh1Zw  
  
 Sun Jun 24 2018 17:56:51 GMT-0700 (PDT)
[debug] [2018-06-25T00:56:51.510Z] <<< HTTP RESPONSE 200
[debug] [2018-06-25T00:56:51.644Z] <<< HTTP RESPONSE 200
[debug] [2018-06-25T00:56:51.733Z] <<< HTTP RESPONSE 200
[debug] [2018-06-25T00:56:53.513Z] >>> HTTP REQUEST GET https://cloudfunctions.googleapis.com/v1/operations/ZXZlbnRwaG90b2dhbGxlcnktZWQ4ODEvdXMtY2VudHJhbDEvaW1hZ2VUb0pQRy9BXzNtMXRtQ1o1cw  
  
 Sun Jun 24 2018 17:56:53 GMT-0700 (PDT)
[debug] [2018-06-25T00:56:53.649Z] >>> HTTP REQUEST GET https://cloudfunctions.googleapis.com/v1/operations/ZXZlbnRwaG90b2dhbGxlcnktZWQ4ODEvdXMtY2VudHJhbDEvb25GaWxlQ2hhbmdlL2NMdFNXdHBwMTBR  
  
 Sun Jun 24 2018 17:56:53 GMT-0700 (PDT)
[debug] [2018-06-25T00:56:53.739Z] >>> HTTP REQUEST GET https://cloudfunctions.googleapis.com/v1/operations/ZXZlbnRwaG90b2dhbGxlcnktZWQ4ODEvdXMtY2VudHJhbDEvdXBsb2FkRmlsZS9pN0dXVjBPSUh1Zw  
  
 Sun Jun 24 2018 17:56:53 GMT-0700 (PDT)
[debug] [2018-06-25T00:56:53.928Z] <<< HTTP RESPONSE 200
[debug] [2018-06-25T00:56:54.160Z] <<< HTTP RESPONSE 200
[debug] [2018-06-25T00:56:54.161Z] <<< HTTP RESPONSE 200
[debug] [2018-06-25T00:56:55.930Z] >>> HTTP REQUEST GET https://cloudfunctions.googleapis.com/v1/operations/ZXZlbnRwaG90b2dhbGxlcnktZWQ4ODEvdXMtY2VudHJhbDEvaW1hZ2VUb0pQRy9BXzNtMXRtQ1o1cw  
  
 Sun Jun 24 2018 17:56:55 GMT-0700 (PDT)
[debug] [2018-06-25T00:56:56.162Z] >>> HTTP REQUEST GET https://cloudfunctions.googleapis.com/v1/operations/ZXZlbnRwaG90b2dhbGxlcnktZWQ4ODEvdXMtY2VudHJhbDEvb25GaWxlQ2hhbmdlL2NMdFNXdHBwMTBR  
  
 Sun Jun 24 2018 17:56:56 GMT-0700 (PDT)
[debug] [2018-06-25T00:56:56.163Z] >>> HTTP REQUEST GET https://cloudfunctions.googleapis.com/v1/operations/ZXZlbnRwaG90b2dhbGxlcnktZWQ4ODEvdXMtY2VudHJhbDEvdXBsb2FkRmlsZS9pN0dXVjBPSUh1Zw  
  
 Sun Jun 24 2018 17:56:56 GMT-0700 (PDT)
[debug] [2018-06-25T00:56:56.305Z] <<< HTTP RESPONSE 200
[debug] [2018-06-25T00:56:56.714Z] <<< HTTP RESPONSE 200
[debug] [2018-06-25T00:56:56.715Z] <<< HTTP RESPONSE 200
[debug] [2018-06-25T00:56:58.309Z] >>> HTTP REQUEST GET https://cloudfunctions.googleapis.com/v1/operations/ZXZlbnRwaG90b2dhbGxlcnktZWQ4ODEvdXMtY2VudHJhbDEvaW1hZ2VUb0pQRy9BXzNtMXRtQ1o1cw  
  
 Sun Jun 24 2018 17:56:58 GMT-0700 (PDT)
[debug] [2018-06-25T00:56:58.718Z] >>> HTTP REQUEST GET https://cloudfunctions.googleapis.com/v1/operations/ZXZlbnRwaG90b2dhbGxlcnktZWQ4ODEvdXMtY2VudHJhbDEvdXBsb2FkRmlsZS9pN0dXVjBPSUh1Zw  
  
 Sun Jun 24 2018 17:56:58 GMT-0700 (PDT)
[debug] [2018-06-25T00:56:58.718Z] >>> HTTP REQUEST GET https://cloudfunctions.googleapis.com/v1/operations/ZXZlbnRwaG90b2dhbGxlcnktZWQ4ODEvdXMtY2VudHJhbDEvb25GaWxlQ2hhbmdlL2NMdFNXdHBwMTBR  
  
 Sun Jun 24 2018 17:56:58 GMT-0700 (PDT)
[debug] [2018-06-25T00:56:58.858Z] <<< HTTP RESPONSE 200
[debug] [2018-06-25T00:56:59.281Z] <<< HTTP RESPONSE 200
[debug] [2018-06-25T00:56:59.349Z] <<< HTTP RESPONSE 200
[debug] [2018-06-25T00:57:00.864Z] >>> HTTP REQUEST GET https://cloudfunctions.googleapis.com/v1/operations/ZXZlbnRwaG90b2dhbGxlcnktZWQ4ODEvdXMtY2VudHJhbDEvaW1hZ2VUb0pQRy9BXzNtMXRtQ1o1cw  
  
 Sun Jun 24 2018 17:57:00 GMT-0700 (PDT)
[debug] [2018-06-25T00:57:01.277Z] <<< HTTP RESPONSE 200
[debug] [2018-06-25T00:57:01.281Z] >>> HTTP REQUEST GET https://cloudfunctions.googleapis.com/v1/operations/ZXZlbnRwaG90b2dhbGxlcnktZWQ4ODEvdXMtY2VudHJhbDEvb25GaWxlQ2hhbmdlL2NMdFNXdHBwMTBR  
  
 Sun Jun 24 2018 17:57:01 GMT-0700 (PDT)
[debug] [2018-06-25T00:57:01.350Z] >>> HTTP REQUEST GET https://cloudfunctions.googleapis.com/v1/operations/ZXZlbnRwaG90b2dhbGxlcnktZWQ4ODEvdXMtY2VudHJhbDEvdXBsb2FkRmlsZS9pN0dXVjBPSUh1Zw  
  
 Sun Jun 24 2018 17:57:01 GMT-0700 (PDT)
[debug] [2018-06-25T00:57:01.816Z] <<< HTTP RESPONSE 200
[debug] [2018-06-25T00:57:02.030Z] <<< HTTP RESPONSE 200
[debug] [2018-06-25T00:57:03.282Z] >>> HTTP REQUEST GET https://cloudfunctions.googleapis.com/v1/operations/ZXZlbnRwaG90b2dhbGxlcnktZWQ4ODEvdXMtY2VudHJhbDEvaW1hZ2VUb0pQRy9BXzNtMXRtQ1o1cw  
  
 Sun Jun 24 2018 17:57:03 GMT-0700 (PDT)
[debug] [2018-06-25T00:57:03.444Z] <<< HTTP RESPONSE 200
[debug] [2018-06-25T00:57:03.818Z] >>> HTTP REQUEST GET https://cloudfunctions.googleapis.com/v1/operations/ZXZlbnRwaG90b2dhbGxlcnktZWQ4ODEvdXMtY2VudHJhbDEvb25GaWxlQ2hhbmdlL2NMdFNXdHBwMTBR  
  
 Sun Jun 24 2018 17:57:03 GMT-0700 (PDT)
[debug] [2018-06-25T00:57:03.967Z] <<< HTTP RESPONSE 200
[debug] [2018-06-25T00:57:04.035Z] >>> HTTP REQUEST GET https://cloudfunctions.googleapis.com/v1/operations/ZXZlbnRwaG90b2dhbGxlcnktZWQ4ODEvdXMtY2VudHJhbDEvdXBsb2FkRmlsZS9pN0dXVjBPSUh1Zw  
  
 Sun Jun 24 2018 17:57:04 GMT-0700 (PDT)
[debug] [2018-06-25T00:57:04.406Z] <<< HTTP RESPONSE 200
[debug] [2018-06-25T00:57:05.449Z] >>> HTTP REQUEST GET https://cloudfunctions.googleapis.com/v1/operations/ZXZlbnRwaG90b2dhbGxlcnktZWQ4ODEvdXMtY2VudHJhbDEvaW1hZ2VUb0pQRy9BXzNtMXRtQ1o1cw  
  
 Sun Jun 24 2018 17:57:05 GMT-0700 (PDT)
[debug] [2018-06-25T00:57:05.973Z] >>> HTTP REQUEST GET https://cloudfunctions.googleapis.com/v1/operations/ZXZlbnRwaG90b2dhbGxlcnktZWQ4ODEvdXMtY2VudHJhbDEvb25GaWxlQ2hhbmdlL2NMdFNXdHBwMTBR  
  
 Sun Jun 24 2018 17:57:05 GMT-0700 (PDT)
[debug] [2018-06-25T00:57:05.999Z] <<< HTTP RESPONSE 200
[debug] [2018-06-25T00:57:06.409Z] >>> HTTP REQUEST GET https://cloudfunctions.googleapis.com/v1/operations/ZXZlbnRwaG90b2dhbGxlcnktZWQ4ODEvdXMtY2VudHJhbDEvdXBsb2FkRmlsZS9pN0dXVjBPSUh1Zw  
  
 Sun Jun 24 2018 17:57:06 GMT-0700 (PDT)
[debug] [2018-06-25T00:57:06.409Z] <<< HTTP RESPONSE 200
[debug] [2018-06-25T00:57:06.844Z] <<< HTTP RESPONSE 200
